2026-07-13 11:47:13,007 [INFO] ==================================================
2026-07-13 11:47:13,011 [INFO] Pipeline başladı
2026-07-13 11:47:13,012 [INFO] Addım 1/3: Scraping başlayır...
2026-07-13 11:49:22,346 [INFO] Scraping bitdi -> C:\Users\hp\OneDrive\İş masası\real_estate_batch_pipeline\data_lake\bronze\listings_20260713_114922.json
2026-07-13 11:49:22,346 [INFO] Addım 2/3: Bronze -> Silver...
2026-07-13 11:49:22,994 [INFO] Silver hazır -> C:\Users\hp\OneDrive\İş masası\real_estate_batch_pipeline\data_lake\silver\listings.parquet
2026-07-13 11:49:22,994 [INFO] Addım 3/3: Silver -> Gold...
2026-07-13 11:49:23,153 [INFO] Gold hazır
2026-07-13 11:49:23,154 [INFO] Pipeline UĞURLA tamamlandı. Müddət: 130.1 saniyə
2026-07-13 12:29:29,736 [INFO] ==================================================
2026-07-13 12:29:29,736 [INFO] Pipeline başladı
2026-07-13 12:29:29,740 [INFO] Addım 1/3: Scraping başlayır...
2026-07-13 12:31:38,615 [INFO] Scraping bitdi -> C:\Users\hp\OneDrive\İş masası\real_estate_batch_pipeline\data_lake\bronze\listings_20260713_123138.json
2026-07-13 12:31:38,618 [INFO] Addım 2/3: Bronze -> Silver...
2026-07-13 12:31:39,453 [INFO] Silver hazır -> C:\Users\hp\OneDrive\İş masası\real_estate_batch_pipeline\data_lake\silver\listings.parquet
2026-07-13 12:31:39,455 [INFO] Addım 3/3: Silver -> Gold...
2026-07-13 12:31:39,617 [INFO] Gold hazır
2026-07-13 12:31:39,618 [INFO] Pipeline UĞURLA tamamlandı. Müddət: 129.9 saniyə
2026-07-14 20:06:48,407 [INFO] ==================================================
2026-07-14 20:06:48,407 [INFO] Pipeline başladı
2026-07-14 20:06:48,407 [INFO] Addım 1/3: Scraping başlayır...
2026-07-14 20:08:23,428 [INFO] Scraping bitdi -> C:\Users\hp\OneDrive\İş masası\real_estate_batch_pipeline\data_lake\bronze\listings_20260714_200823.json
2026-07-14 20:08:23,428 [INFO] Addım 2/3: Bronze -> Silver...
2026-07-14 20:08:24,851 [INFO] Silver hazır -> C:\Users\hp\OneDrive\İş masası\real_estate_batch_pipeline\data_lake\silver\listings.parquet
2026-07-14 20:08:24,851 [INFO] Addım 3/3: Silver -> Gold...
2026-07-14 20:08:25,977 [INFO] Gold hazır
2026-07-14 20:08:25,977 [INFO] Pipeline UĞURLA tamamlandı. Müddət: 97.6 saniyə
2026-07-16 10:02:18,829 [INFO] ==================================================
2026-07-16 10:02:18,835 [INFO] Pipeline başladı
2026-07-16 10:02:18,838 [INFO] Addım 1/3: Scraping başlayır...
2026-07-16 10:05:49,323 [INFO] Scraping bitdi -> C:\Users\hp\OneDrive\İş masası\real_estate_batch_pipeline\data_lake\bronze\listings_20260716_100548.json
2026-07-16 10:05:49,325 [INFO] Addım 2/3: Bronze -> Silver...
2026-07-16 10:05:53,816 [INFO] Silver hazır -> C:\Users\hp\OneDrive\İş masası\real_estate_batch_pipeline\data_lake\silver\listings.parquet
2026-07-16 10:05:53,820 [INFO] Addım 3/3: Silver -> Gold...
2026-07-16 10:05:55,344 [INFO] Gold hazır
2026-07-16 10:05:55,345 [INFO] Pipeline UĞURLA tamamlandı. Müddət: 216.5 saniyə
2026-07-16 11:56:32,367 [INFO] ==================================================
2026-07-16 11:56:32,368 [INFO] Pipeline başladı
2026-07-16 11:56:32,369 [INFO] Addım 1/3: Scraping başlayır...
2026-07-16 11:59:37,861 [INFO] Scraping bitdi -> C:\Users\hp\OneDrive\İş masası\real_estate_batch_pipeline\data_lake\bronze\listings_20260716_115937.json
2026-07-16 11:59:37,862 [INFO] Addım 2/3: Bronze -> Silver...
2026-07-16 11:59:39,972 [INFO] Silver hazır -> C:\Users\hp\OneDrive\İş masası\real_estate_batch_pipeline\data_lake\silver\listings.parquet
2026-07-16 11:59:39,973 [INFO] Addım 3/3: Silver -> Gold...
2026-07-16 11:59:44,427 [INFO] Gold hazır
2026-07-16 11:59:44,427 [INFO] Pipeline UĞURLA tamamlandı. Müddət: 192.1 saniyə
2026-07-16 12:43:34,228 [INFO] ==================================================
2026-07-16 12:43:34,229 [INFO] Pipeline başladı
2026-07-16 12:43:34,231 [INFO] Addım 1/3: Scraping başlayır...
2026-07-16 12:45:48,653 [INFO] Scraping bitdi -> C:\Users\hp\OneDrive\İş masası\real_estate_batch_pipeline\data_lake\bronze\listings_20260716_124548.json
2026-07-16 12:45:48,654 [INFO] Addım 2/3: Bronze -> Silver...
2026-07-16 12:45:50,568 [INFO] Silver hazır -> C:\Users\hp\OneDrive\İş masası\real_estate_batch_pipeline\data_lake\silver\listings.parquet
2026-07-16 12:45:50,569 [INFO] Addım 3/3: Silver -> Gold...
2026-07-16 12:45:50,886 [INFO] Gold hazır
2026-07-16 12:45:50,886 [INFO] Pipeline UĞURLA tamamlandı. Müddət: 136.7 saniyə
2026-07-20 19:38:57,189 [INFO] ==================================================
2026-07-20 19:38:57,190 [INFO] Pipeline başladı
2026-07-20 19:38:57,193 [INFO] Addım 1/3: Scraping başlayır...
2026-07-20 19:40:36,954 [INFO] Scraping bitdi -> C:\Users\hp\OneDrive\İş masası\real_estate_batch_pipeline\data_lake\bronze\listings_20260720_194036.json
2026-07-20 19:40:36,955 [INFO] Addım 2/3: Bronze -> Silver...
2026-07-20 19:40:39,324 [INFO] Silver hazır -> C:\Users\hp\OneDrive\İş masası\real_estate_batch_pipeline\data_lake\silver\listings.parquet
2026-07-20 19:40:39,326 [INFO] Addım 3/3: Silver -> Gold...
2026-07-20 19:40:41,267 [INFO] Gold hazır
2026-07-20 19:40:41,268 [INFO] Pipeline UĞURLA tamamlandı. Müddət: 104.1 saniyə
